<?xml version="1.0" encoding="UTF-8"?>
<coverage generated="1686739528416" clover="3.2.0">
  <project timestamp="1686739528416" name="All files">
    <metrics statements="16" coveredstatements="13" conditionals="6" coveredconditionals="4" methods="6" coveredmethods="5" elements="28" coveredelements="22" complexity="0" loc="16" ncloc="16" packages="2" files="3" classes="3"/>
    <package name="composables">
      <metrics statements="9" coveredstatements="9" conditionals="4" coveredconditionals="4" methods="3" coveredmethods="3"/>
      <file name="useAdd.ts" path="/Users/DKP3377/Privy/AccelProjects/accel-nuxt3/composables/useAdd.ts">
        <metrics statements="2" coveredstatements="2" conditionals="0" coveredconditionals="0" methods="1" coveredmethods="1"/>
        <line num="1" count="1" type="stmt"/>
        <line num="2" count="2" type="stmt"/>
      </file>
      <file name="useFood.ts" path="/Users/DKP3377/Privy/AccelProjects/accel-nuxt3/composables/useFood.ts">
        <metrics statements="7" coveredstatements="7" conditionals="4" coveredconditionals="4" methods="2" coveredmethods="2"/>
        <line num="1" count="1" type="stmt"/>
        <line num="2" count="3" type="stmt"/>
        <line num="3" count="3" type="cond" truecount="2" falsecount="0"/>
        <line num="4" count="1" type="stmt"/>
        <line num="5" count="2" type="cond" truecount="2" falsecount="0"/>
        <line num="6" count="1" type="stmt"/>
        <line num="8" count="1" type="stmt"/>
      </file>
    </package>
    <package name="utils">
      <metrics statements="7" coveredstatements="4" conditionals="2" coveredconditionals="0" methods="3" coveredmethods="2"/>
      <file name="filter.ts" path="/Users/DKP3377/Privy/AccelProjects/accel-nuxt3/utils/filter.ts">
        <metrics statements="7" coveredstatements="4" conditionals="2" coveredconditionals="0" methods="3" coveredmethods="2"/>
        <line num="1" count="1" type="stmt"/>
        <line num="17" count="0" type="cond" truecount="0" falsecount="2"/>
        <line num="18" count="0" type="stmt"/>
        <line num="20" count="0" type="stmt"/>
        <line num="25" count="1" type="stmt"/>
        <line num="26" count="4" type="stmt"/>
        <line num="30" count="1" type="stmt"/>
      </file>
    </package>
  </project>
</coverage>
