{"/Users/DKP3377/Privy/AccelProjects/accel-nuxt3/composables/useAdd.ts": {"path":"/Users/DKP3377/Privy/AccelProjects/accel-nuxt3/composables/useAdd.ts","statementMap":{"0":{"start":{"line":2,"column":2},"end":{"line":2,"column":15}},"1":{"start":{"line":1,"column":0},"end":{"line":1,"column":16}}},"fnMap":{"0":{"name":"useAdd","decl":{"start":{"line":1,"column":16},"end":{"line":1,"column":22}},"loc":{"start":{"line":1,"column":43},"end":{"line":3,"column":1}}}},"branchMap":{},"s":{"0":2,"1":1},"f":{"0":2},"b":{}}
,"/Users/DKP3377/Privy/AccelProjects/accel-nuxt3/composables/useFood.ts": {"path":"/Users/DKP3377/Privy/AccelProjects/accel-nuxt3/composables/useFood.ts","statementMap":{"0":{"start":{"line":1,"column":23},"end":{"line":10,"column":4}},"1":{"start":{"line":2,"column":2},"end":{"line":10,"column":4}},"2":{"start":{"line":3,"column":4},"end":{"line":9,"column":null}},"3":{"start":{"line":4,"column":6},"end":{"line":4,"column":20}},"4":{"start":{"line":5,"column":11},"end":{"line":9,"column":null}},"5":{"start":{"line":6,"column":6},"end":{"line":6,"column":19}},"6":{"start":{"line":8,"column":6},"end":{"line":8,"column":24}},"7":{"start":{"line":1,"column":13},"end":{"line":1,"column":23}}},"fnMap":{"0":{"name":"(anonymous_0)","decl":{"start":{"line":1,"column":23},"end":{"line":1,"column":24}},"loc":{"start":{"line":2,"column":2},"end":{"line":10,"column":4}}},"1":{"name":"(anonymous_1)","decl":{"start":{"line":2,"column":14},"end":{"line":2,"column":15}},"loc":{"start":{"line":2,"column":34},"end":{"line":10,"column":3}}}},"branchMap":{"0":{"loc":{"start":{"line":3,"column":4},"end":{"line":9,"column":null}},"type":"if","locations":[{"start":{"line":3,"column":4},"end":{"line":9,"column":null}},{"start":{"line":5,"column":11},"end":{"line":9,"column":null}}]},"1":{"loc":{"start":{"line":5,"column":11},"end":{"line":9,"column":null}},"type":"if","locations":[{"start":{"line":5,"column":11},"end":{"line":9,"column":null}},{"start":{"line":7,"column":11},"end":{"line":9,"column":null}}]}},"s":{"0":1,"1":3,"2":3,"3":1,"4":2,"5":1,"6":1,"7":1},"f":{"0":3,"1":3},"b":{"0":[1,2],"1":[1,1]}}
,"/Users/DKP3377/Privy/AccelProjects/accel-nuxt3/utils/filter.ts": {"path":"/Users/DKP3377/Privy/AccelProjects/accel-nuxt3/utils/filter.ts","statementMap":{"0":{"start":{"line":1,"column":15},"end":{"line":14,"column":2}},"1":{"start":{"line":17,"column":2},"end":{"line":21,"column":null}},"2":{"start":{"line":18,"column":4},"end":{"line":18,"column":24}},"3":{"start":{"line":20,"column":4},"end":{"line":20,"column":30}},"4":{"start":{"line":25,"column":2},"end":{"line":27,"column":5}},"5":{"start":{"line":26,"column":4},"end":{"line":26,"column":39}},"6":{"start":{"line":30,"column":9},"end":{"line":30,"column":29}}},"fnMap":{"0":{"name":"showBudi","decl":{"start":{"line":16,"column":9},"end":{"line":16,"column":17}},"loc":{"start":{"line":16,"column":34},"end":{"line":22,"column":1}}},"1":{"name":"getFlyingSuperHeroes","decl":{"start":{"line":24,"column":9},"end":{"line":24,"column":29}},"loc":{"start":{"line":24,"column":29},"end":{"line":28,"column":1}}},"2":{"name":"(anonymous_2)","decl":{"start":{"line":25,"column":23},"end":{"line":25,"column":24}},"loc":{"start":{"line":25,"column":32},"end":{"line":27,"column":3}}}},"branchMap":{"0":{"loc":{"start":{"line":17,"column":2},"end":{"line":21,"column":null}},"type":"if","locations":[{"start":{"line":17,"column":2},"end":{"line":21,"column":null}},{"start":{"line":19,"column":9},"end":{"line":21,"column":null}}]}},"s":{"0":1,"1":0,"2":0,"3":0,"4":1,"5":4,"6":1},"f":{"0":0,"1":1,"2":4},"b":{"0":[0,0]}}
}
