TN:
SF:composables/useAdd.ts
FN:1,useAdd
FNF:1
FNH:1
FNDA:2,useAdd
DA:1,1
DA:2,2
LF:2
LH:2
BRF:0
BRH:0
end_of_record
TN:
SF:composables/useFood.ts
FN:1,(anonymous_0)
FN:2,(anonymous_1)
FNF:2
FNH:2
FNDA:3,(anonymous_0)
FNDA:3,(anonymous_1)
DA:1,1
DA:2,3
DA:3,3
DA:4,1
DA:5,2
DA:6,1
DA:8,1
LF:7
LH:7
BRDA:3,0,0,1
BRDA:3,0,1,2
BRDA:5,1,0,1
BRDA:5,1,1,1
BRF:4
BRH:4
end_of_record
TN:
SF:utils/filter.ts
FN:16,showBudi
FN:24,getFlyingSuperHeroes
FN:25,(anonymous_2)
FNF:3
FNH:2
FNDA:0,showBudi
FNDA:1,getFlyingSuperHeroes
FNDA:4,(anonymous_2)
DA:1,1
DA:17,0
DA:18,0
DA:20,0
DA:25,1
DA:26,4
DA:30,1
LF:7
LH:4
BRDA:17,0,0,0
BRDA:17,0,1,0
BRF:2
BRH:0
end_of_record
